<?xml version="1.0" encoding="UTF-8"?>
<!-- Generated by org.testng.reporters.JUnitXMLReporter -->
<testsuite ignored="0" hostname="XDA" failures="5" tests="5" name="Test" time="0.088" errors="0" timestamp="2024-10-17T21:51:10 IST">
  <testcase classname="com.codesetup.GmailLoginTest" name="getBaseUrlTest" time="0.015">
    <failure type="java.lang.RuntimeException" message="Test not implemented">
      <![CDATA[java.lang.RuntimeException: Test not implemented
at com.codesetup.GmailLoginTest.getBaseUrlTest(GmailLoginTest.java:9)
at java.base/java.util.ArrayList.forEach(ArrayList.java:1597)
... Removed 25 stack frames]]>
    </failure>
  </testcase> <!-- getBaseUrlTest -->
  <testcase classname="com.codesetup.GmailLoginTest" name="loginTest" time="0.003">
    <failure type="java.lang.RuntimeException" message="Test not implemented">
      <![CDATA[java.lang.RuntimeException: Test not implemented
at com.codesetup.GmailLoginTest.loginTest(GmailLoginTest.java:14)
at java.base/java.util.ArrayList.forEach(ArrayList.java:1597)
... Removed 25 stack frames]]>
    </failure>
  </testcase> <!-- loginTest -->
  <testcase classname="com.codesetup.GmailLoginTest" name="mainTest" time="0.002">
    <failure type="java.lang.RuntimeException" message="Test not implemented">
      <![CDATA[java.lang.RuntimeException: Test not implemented
at com.codesetup.GmailLoginTest.mainTest(GmailLoginTest.java:19)
at java.base/java.util.ArrayList.forEach(ArrayList.java:1597)
... Removed 25 stack frames]]>
    </failure>
  </testcase> <!-- mainTest -->
  <testcase classname="com.codesetup.GmailLoginTest" name="performHiddenLoginTest" time="0.001">
    <failure type="java.lang.RuntimeException" message="Test not implemented">
      <![CDATA[java.lang.RuntimeException: Test not implemented
at com.codesetup.GmailLoginTest.performHiddenLoginTest(GmailLoginTest.java:24)
at java.base/java.util.ArrayList.forEach(ArrayList.java:1597)
... Removed 25 stack frames]]>
    </failure>
  </testcase> <!-- performHiddenLoginTest -->
  <testcase classname="com.codesetup.GmailLoginTest" name="saveCookiesToFileTest" time="0.002">
    <failure type="java.lang.RuntimeException" message="Test not implemented">
      <![CDATA[java.lang.RuntimeException: Test not implemented
at com.codesetup.GmailLoginTest.saveCookiesToFileTest(GmailLoginTest.java:29)
at java.base/java.util.ArrayList.forEach(ArrayList.java:1597)
... Removed 25 stack frames]]>
    </failure>
  </testcase> <!-- saveCookiesToFileTest -->
</testsuite> <!-- Test -->
