<?xml version="1.0" encoding="UTF-8"?>
<testng-results ignored="1" total="2" passed="1" failed="0" skipped="0">
  <reporter-output>
  </reporter-output>
  <suite started-at="2025-06-12T11:22:50 IST" name="Default suite" finished-at="2025-06-12T11:22:55 IST" duration-ms="4904">
    <groups>
    </groups>
    <test started-at="2025-06-12T11:22:50 IST" name="Default test" finished-at="2025-06-12T11:22:55 IST" duration-ms="4904">
      <class name="iplan_Performance.FetchMajor">
        <test-method signature="FetchMajorTest()[pri:0, instance:iplan_Performance.FetchMajor@3bb9a3ff]" started-at="2025-06-12T11:22:50 IST" name="FetchMajorTest" finished-at="2025-06-12T11:22:55 IST" duration-ms="4848" status="PASS">
          <reporter-output>
          </reporter-output>
        </test-method> <!-- FetchMajorTest -->
      </class> <!-- iplan_Performance.FetchMajor -->
    </test> <!-- Default test -->
  </suite> <!-- Default suite -->
</testng-results>
