<?xml version="1.0" encoding="UTF-8"?>
<!-- Generated by org.testng.reporters.JUnitXMLReporter -->
<testsuite ignored="0" hostname="XDA" failures="0" tests="1" name="CheckingLogin" time="0.04" errors="0" timestamp="2023-09-29T15:58:45 IST">
  <testcase classname="com.setup.Base" name="@BeforeSuite DataBaseSetup" time="15.204">
    <failure type="com.microsoft.sqlserver.jdbc.SQLServerException" message="The TCP/IP connection to the host 10.12.2.80, port 1433 has failed. Error: &amp;quot;Connect timed out. Verify the connection properties. Make sure that an instance of SQL Server is running on the host and accepting TCP/IP connections at the port. Make sure that TCP connections to the port are not blocked by a firewall.&amp;quot;.">
      <![CDATA[com.microsoft.sqlserver.jdbc.SQLServerException: The TCP/IP connection to the host 10.12.2.80, port 1433 has failed. Error: "Connect timed out. Verify the connection properties. Make sure that an instance of SQL Server is running on the host and accepting TCP/IP connections at the port. Make sure that TCP connections to the port are not blocked by a firewall.".
at com.microsoft.sqlserver.jdbc.SQLServerException.makeFromDriverError(SQLServerException.java:234)
at com.microsoft.sqlserver.jdbc.SQLServerException.ConvertConnectExceptionToSQLServerException(SQLServerException.java:285)
at com.microsoft.sqlserver.jdbc.SocketFinder.findSocket(IOBuffer.java:2462)
at com.microsoft.sqlserver.jdbc.TDSChannel.open(IOBuffer.java:668)
at com.microsoft.sqlserver.jdbc.SQLServerConnection.connectHelper(SQLServerConnection.java:2695)
at com.microsoft.sqlserver.jdbc.SQLServerConnection.login(SQLServerConnection.java:2362)
at com.microsoft.sqlserver.jdbc.SQLServerConnection.connectInternal(SQLServerConnection.java:2213)
at com.microsoft.sqlserver.jdbc.SQLServerConnection.connect(SQLServerConnection.java:1276)
at com.microsoft.sqlserver.jdbc.SQLServerDriver.connect(SQLServerDriver.java:861)
at java.sql/java.sql.DriverManager.getConnection(DriverManager.java:683)
at java.sql/java.sql.DriverManager.getConnection(DriverManager.java:230)
at com.setup.Base.DataBaseSetup(Base.java:43)
... Removed 21 stack frames]]>
    </failure>
  </testcase> <!-- @BeforeSuite DataBaseSetup -->
  <testcase classname="com.extratests.CheckDatabase" name="ConfigVerification" time="0.0">
    <skipped/>
  </testcase> <!-- ConfigVerification -->
</testsuite> <!-- CheckingLogin -->
