<?xml version="1.0" encoding="UTF-8"?>
<testng-results ignored="0" total="1" passed="1" failed="0" skipped="0">
  <reporter-output>
  </reporter-output>
  <suite started-at="2025-06-18T11:14:07 IST" name="Default suite" finished-at="2025-06-18T11:14:16 IST" duration-ms="9639">
    <groups>
    </groups>
    <test started-at="2025-06-18T11:14:07 IST" name="Default test" finished-at="2025-06-18T11:14:16 IST" duration-ms="9639">
      <class name="seleniumTest.Action_2">
        <test-method signature="actionsClass()[pri:0, instance:seleniumTest.Action_2@5ffead27]" started-at="2025-06-18T11:14:07 IST" name="actionsClass" finished-at="2025-06-18T11:14:16 IST" duration-ms="9534" status="PASS">
          <reporter-output>
          </reporter-output>
        </test-method> <!-- actionsClass -->
      </class> <!-- seleniumTest.Action_2 -->
    </test> <!-- Default test -->
  </suite> <!-- Default suite -->
</testng-results>
