<?xml version="1.0" encoding="UTF-8"?>
<testng-results ignored="0" total="1" passed="1" failed="0" skipped="0">
  <reporter-output>
  </reporter-output>
  <suite started-at="2025-10-08T17:03:55 IST" name="Default suite" finished-at="2025-10-08T17:03:59 IST" duration-ms="3343">
    <groups>
    </groups>
    <test started-at="2025-10-08T17:03:55 IST" name="Default test" finished-at="2025-10-08T17:03:59 IST" duration-ms="3343">
      <class name="seleniumTest.Action_2">
        <test-method signature="actionsClass()[pri:0, instance:seleniumTest.Action_2@7e6f74c]" started-at="2025-10-08T17:03:55 IST" name="actionsClass" finished-at="2025-10-08T17:03:59 IST" duration-ms="3314" status="PASS">
          <reporter-output>
          </reporter-output>
        </test-method> <!-- actionsClass -->
      </class> <!-- seleniumTest.Action_2 -->
    </test> <!-- Default test -->
  </suite> <!-- Default suite -->
</testng-results>
