<?xml version="1.0" encoding="UTF-8"?>
<testng-results ignored="0" total="1" passed="1" failed="0" skipped="0">
  <reporter-output>
  </reporter-output>
  <suite started-at="2024-11-05T18:10:52 IST" name="Default suite" finished-at="2024-11-05T18:11:13 IST" duration-ms="20219">
    <groups>
    </groups>
    <test started-at="2024-11-05T18:10:52 IST" name="Default test" finished-at="2024-11-05T18:11:13 IST" duration-ms="20219">
      <class name="playwrightTests.YourTest">
        <test-method signature="testLogin()[pri:0, instance:playwrightTests.YourTest@6a28ffa4]" started-at="2024-11-05T18:10:52 IST" name="testLogin" finished-at="2024-11-05T18:11:13 IST" duration-ms="20174" status="PASS">
          <reporter-output>
          </reporter-output>
        </test-method> <!-- testLogin -->
      </class> <!-- playwrightTests.YourTest -->
    </test> <!-- Default test -->
  </suite> <!-- Default suite -->
</testng-results>
