<?xml version="1.0" encoding="UTF-8"?>
<!-- Generated by org.testng.reporters.JUnitXMLReporter -->
<testsuite ignored="1" hostname="XDA" failures="0" tests="18" name="SampleTest" time="30.533" errors="0" timestamp="2024-05-10T14:41:14 IST">
  <testcase classname="com.studentside.CombinedTest" name="ClassScheduleUrlManipulcation" time="30.232"/>
  <testcase classname="com.studentside.CombinedTest" name="ClassScheduleUrlManipulcation" time="0.014"/>
  <testcase classname="com.studentside.CombinedTest" name="ClassScheduleUrlManipulcation" time="0.008"/>
  <testcase classname="com.studentside.CombinedTest" name="ClassScheduleUrlManipulcation" time="0.007"/>
  <testcase classname="com.studentside.CombinedTest" name="ClassScheduleUrlManipulcation" time="0.009"/>
  <testcase classname="com.studentside.CombinedTest" name="ClassScheduleUrlManipulcation" time="0.009"/>
  <testcase classname="com.studentside.CombinedTest" name="ClassScheduleUrlManipulcation" time="0.007"/>
  <testcase classname="com.studentside.CombinedTest" name="ClassScheduleUrlManipulcation" time="0.009"/>
  <testcase classname="com.studentside.CombinedTest" name="ClassScheduleUrlManipulcation" time="0.014"/>
  <testcase classname="com.studentside.CombinedTest" name="ClassScheduleUrlManipulcation" time="0.009"/>
  <testcase classname="com.studentside.CombinedTest" name="ClassScheduleUrlManipulcation" time="0.01"/>
  <testcase classname="com.studentside.CombinedTest" name="ClassScheduleUrlManipulcation" time="0.02"/>
  <testcase classname="com.studentside.CombinedTest" name="ClassScheduleUrlManipulcation" time="0.011"/>
  <testcase classname="com.studentside.CombinedTest" name="ClassScheduleUrlManipulcation" time="0.013"/>
  <testcase classname="com.studentside.CombinedTest" name="ClassScheduleUrlManipulcation" time="0.009"/>
  <testcase classname="com.studentside.CombinedTest" name="ClassScheduleUrlManipulcation" time="0.007"/>
  <testcase classname="com.studentside.CombinedTest" name="ClassScheduleUrlManipulcation" time="0.01"/>
  <testcase classname="com.studentside.CombinedTest" name="ClassScheduleUrlManipulcation" time="0.012"/>
  <testcase classname="com.studentside.CombinedTest" name="openDeclaredPlan" time="0.0">
    <ignored/>
  </testcase> <!-- openDeclaredPlan -->
</testsuite> <!-- SampleTest -->
