<?xml version="1.0" encoding="UTF-8"?>
<!-- Generated by org.testng.reporters.JUnitXMLReporter -->
<testsuite ignored="1" hostname="XDA" failures="1" tests="3" name="test" time="552.376" errors="0" timestamp="2024-05-09T22:31:07 IST">
  <testcase classname="com.studentside.CombinedTest" name="openDeclaredPlan" time="101.92">
    <failure type="java.lang.Exception" message="Error box found.">
      <![CDATA[java.lang.Exception: Error box found.
at com.elements.GradPlanMethods.checkErrorBox(GradPlanMethods.java:252)
at com.elements.GradPlanMethods.CheckPlanifWorking(GradPlanMethods.java:193)
at com.studentside.CombinedTest.openDeclaredPlan(CombinedTest.java:83)
at java.base/java.util.ArrayList.forEach(ArrayList.java:1597)
... Removed 25 stack frames]]>
    </failure>
  </testcase> <!-- openDeclaredPlan -->
  <testcase classname="com.studentside.CombinedTest" name="openDeclaredPlan" time="225.96"/>
  <testcase classname="com.studentside.CombinedTest" name="openDeclaredPlan" time="224.429"/>
  <testcase classname="com.studentside.CombinedTest" name="ClassScheduleUrlManipulcation" time="0.0">
    <ignored/>
  </testcase> <!-- ClassScheduleUrlManipulcation -->
</testsuite> <!-- test -->
