<?xml version="1.0" encoding="UTF-8"?>
<!-- Generated by org.testng.reporters.JUnitReportReporter -->
<testsuite hostname="XDA" failures="0" tests="4" name="com.testpages.AdminToolsPage" time="14.397" errors="0" timestamp="2024-10-18T09:03:50 IST" skipped="1">
  <testcase classname="com.testpages.AdminToolsPage" name="test2" time="0.012"/>
  <system-out/>
  <testcase classname="com.testpages.AdminToolsPage" name="test3" time="0.002"/>
  <system-out/>
  <testcase classname="com.testpages.AdminToolsPage" name="AdminTools" time="14.383"/>
  <system-out/>
  <testcase classname="com.testpages.AdminToolsPage" name="Additional">
    <skipped/>
  </testcase> <!-- Additional -->
  <system-out/>
</testsuite> <!-- com.testpages.AdminToolsPage -->
