<?xml version="1.0" encoding="UTF-8"?>
<!-- Generated by org.testng.reporters.JUnitReportReporter -->
<testsuite hostname="XDA" failures="0" tests="2" name="com.ExtraTests.UserDashBoard" time="1.797" errors="0" timestamp="2024-08-29T17:48:41 IST" skipped="0">
  <testcase classname="com.ExtraTests.UserDashBoard" name="DashBoardTest" time="1.690"/>
  <system-out/>
  <testcase classname="com.ExtraTests.UserDashBoard" name="MenuTest" time="0.107"/>
  <system-out/>
</testsuite> <!-- com.ExtraTests.UserDashBoard -->
