<?xml version="1.0" encoding="UTF-8"?>
<!-- Generated by org.testng.reporters.JUnitReportReporter -->
<testsuite hostname="XDA" failures="0" tests="2" name="com.reportpages.DegreeReqReport" time="10.283" errors="0" timestamp="2024-05-21T20:11:49 IST" skipped="1">
  <testcase classname="com.reportpages.DegreeReqReport" name="DegreeReqReport1" time="10.283"/>
  <system-out/>
  <testcase classname="com.reportpages.DegreeReqReport" name="Additionals">
    <skipped/>
  </testcase> <!-- Additionals -->
  <system-out/>
</testsuite> <!-- com.reportpages.DegreeReqReport -->
