<?xml version="1.0" encoding="UTF-8"?>
<!-- Generated by org.testng.reporters.JUnitReportReporter -->
<testsuite hostname="XDA" failures="0" tests="2" name="com.studentside.BasicGradPlanner" time="303.537" errors="0" timestamp="2024-05-27T16:29:30 IST" skipped="1">
  <testcase classname="com.studentside.BasicGradPlanner" name="GraduationPlanner" time="303.537"/>
  <system-out/>
  <testcase classname="com.studentside.BasicGradPlanner" name="Additional">
    <skipped/>
  </testcase> <!-- Additional -->
  <system-out/>
</testsuite> <!-- com.studentside.BasicGradPlanner -->
