<?xml version="1.0" encoding="UTF-8"?>
<!-- Generated by org.testng.reporters.JUnitReportReporter -->
<testsuite hostname="XDA" failures="0" tests="2" name="com.reportpages.RecSequencing" time="10.068" errors="0" timestamp="2024-05-21T20:11:49 IST" skipped="1">
  <testcase classname="com.reportpages.RecSequencing" name="RecSequencing1" time="10.068"/>
  <system-out/>
  <testcase classname="com.reportpages.RecSequencing" name="RecSequencing2">
    <skipped/>
  </testcase> <!-- RecSequencing2 -->
  <system-out/>
</testsuite> <!-- com.reportpages.RecSequencing -->
