<?xml version="1.0" encoding="UTF-8"?>
<!-- Generated by org.testng.reporters.JUnitReportReporter -->
<testsuite hostname="XDA" failures="0" tests="2" name="com.testpages.ReviewStudentGradPlan" time="455.141" errors="0" timestamp="2024-06-19T11:52:53 IST" skipped="0">
  <testcase classname="com.testpages.ReviewStudentGradPlan" name="SearchSingleGradPlanforReview" time="224.474"/>
  <system-out/>
  <testcase classname="com.testpages.ReviewStudentGradPlan" name="SearchListOfGradPlansforReview" time="230.667"/>
  <system-out/>
</testsuite> <!-- com.testpages.ReviewStudentGradPlan -->
