<?xml version="1.0" encoding="UTF-8"?>
<!-- Generated by org.testng.reporters.JUnitXMLReporter -->
<testsuite ignored="1" hostname="XDA" failures="0" tests="1" name="BasicGradPlannerTest" time="0.129" errors="0" timestamp="2024-05-04T21:56:29 IST">
  <testcase classname="com.studentside.CombinedTestTextFile" name="@BeforeTest TestSetup" time="0.049">
    <failure type="org.openqa.selenium.NoSuchWindowException" message="no such window: target window already closed
from unknown error: web view not found
  (Session info: chrome=124.0.6367.119)
Build info: version: &amp;apos;4.20.0&amp;apos;, revision: &amp;apos;866c76ca80&amp;apos;
System info: os.name: &amp;apos;Windows 11&amp;apos;, os.arch: &amp;apos;amd64&amp;apos;, os.version: &amp;apos;10.0&amp;apos;, java.version: &amp;apos;22.0.1&amp;apos;
Driver info: org.openqa.selenium.chrome.ChromeDriver
Command: [5874c77190a3d391698a904611b1ae8b, addCookie {cookie=_ei=QyCHQfKAUuqpZMxCeIOyU1Rc1pdxm-TjNnkAhJsv4bWg-TLU-Gt-aybicjcR_PF2oJgyYsjm0MNGfs2YV6XEH9R6VtZoNqx3RINer6afXP4WvFAge7yqFqNjSbeFwxK8hJWvJjWnZoz41kMq9mpzhsrzS_ZydIWQxj_izPqjk6C2mw4pU5vYzm_ALXuart7nClxSXOsJZuWuAyvWzqngsz0y5VgXTFm9e7_tbEcxwAAO7gEn2-Hi_6o_pWuwX2jDdSdJku5tAc119no5nd8WnRoVQXgxuwQMXdAljpcwp9ue4UffazjWWYFkAdJxGArASaZLT4TKEU-lfr9Y3gyfIl-aBlS1iH4PJdAvs_WSDwyyH33i_1QN_LLR-gkszx_FitFMkGI02ZjFFOh_W5P5gy8PBOunpopE8gyjCUyxi1PbxO4yfJF7RyDpIDVWqThrgeaUc0mhQmvwDNe2jM3AiFNkskDKIPmLaekcNfJumeuPDuMFvxO-ZvjwNmfNGH9gV8KKdcyew-HDFDHpl59JQlwusD-ZOxm4XzFqT0hAgib5ObVu9RzeUK3vkddSFhb1ckX1PXP6nGdldGQmTGUOF1hrAYW2-x85JjTNFfVc7PPk_QBUN7tHXyPgGRKOUqaBnQsFG3Zvdc0OORZJsltqtriAsZAZ1DiGd9QbC3G8yBlMt5vpWj2VbSjcqsMGmg7CMeCtsJAXbBLDTS6IeeKkRsCXwZ_r2ywtv8IkKu05Qirxiz0Cl8EGmnR6v1-5YzLbFBk0M1_KkdxJiGiapx9fWmiidA0SVP6EM50alKClA6cEOFGJBf8Q9tTrH5RE55KtzF_6Htjx7ssyiQfJkbe7SnkZW5xeTLFalNz9yeFWRmGeZDW05cEpO6UwkSV7vRlqIWw9PuzZmNhy-wmpnQpoITht4tR0AGXGkPA6BJhkm_iGTPoLz-71CeOmaSc26NYfjoAnrsaZk92Qy-vumiUVZQ5nJzX_dcJ9-wOom4hbita6S4UWobAHaBmBOohGvkMMgqT-b5UFNu5mG58psR7KihEeSHnzPFtHc7dz_PbcTTr87NczJ1L-DqwzfopQuYA6Yf0200jOvd9LSYSE5obdf9oViRvzg-BogQVS9Hy30JWoPFEF8wpLENrkvkjJybxWTEZ9hzB59QIJeNthuj8pOjtuebRCq9UpcC8jFc3S097eAK3comuGgO2FprlVz9chAYzpP-TXA36xYFHjilDLBoG2nl9HqWTi0uC1lqJ2lkqKofsGf2HoA3bV47rWCSbn-glF1FXdoanCmvCpyXvymrnRp1d4eS8-mn5jIyhj4W5lQ3NKkYVJiM3Pr1p6mGDX6ddv8fJX41hsJGYu6S1vnGdUaGK8-PE58kyZWrzK4PVgjMNKCWKSrGw-wiwirapJD4OhSM8_CS3C_N2JfPz0Acb4djyjHPeJa2VBDvzrEM8EgxXTMgrwuwgJU1ab4Bvl6UYE-eCzXV8idSJ4E_OwUoKFuvawrPVe6mmFlBPNMQrqwVsFqhuZMNJ5NTWTlqYenpaCXA; path=/; domain=byu-eps-bt.excelindia.com; sameSite=Lax}]
Capabilities {acceptInsecureCerts: false, browserName: chrome, browserVersion: 124.0.6367.119, chrome: {chromedriverVersion: 124.0.6367.91 (51df0e5e17a8..., userDataDir: C:\Users\EXCELS~1\AppData\L...}, fedcm:accounts: true, goog:chromeOptions: {debuggerAddress: localhost:50162}, networkConnectionEnabled: false, pageLoadStrategy: normal, platformName: windows, proxy: Proxy(), se:cdp: ws://localhost:50162/devtoo..., se:cdpVersion: 124.0.6367.119, setWindowRect: true, strictFileInteractability: false, timeouts: {implicit: 0, pageLoad: 300000, script: 30000}, unhandledPromptBehavior: dismiss and notify, webauthn:extension:credBlob: true, webauthn:extension:largeBlob: true, webauthn:extension:minPinLength: true, webauthn:extension:prf: true, webauthn:virtualAuthenticators: true}
Session ID: 5874c77190a3d391698a904611b1ae8b">
      <![CDATA[org.openqa.selenium.NoSuchWindowException: no such window: target window already closed
from unknown error: web view not found
  (Session info: chrome=124.0.6367.119)
Build info: version: '4.20.0', revision: '866c76ca80'
System info: os.name: 'Windows 11', os.arch: 'amd64', os.version: '10.0', java.version: '22.0.1'
Driver info: org.openqa.selenium.chrome.ChromeDriver
Command: [5874c77190a3d391698a904611b1ae8b, addCookie {cookie=_ei=QyCHQfKAUuqpZMxCeIOyU1Rc1pdxm-TjNnkAhJsv4bWg-TLU-Gt-aybicjcR_PF2oJgyYsjm0MNGfs2YV6XEH9R6VtZoNqx3RINer6afXP4WvFAge7yqFqNjSbeFwxK8hJWvJjWnZoz41kMq9mpzhsrzS_ZydIWQxj_izPqjk6C2mw4pU5vYzm_ALXuart7nClxSXOsJZuWuAyvWzqngsz0y5VgXTFm9e7_tbEcxwAAO7gEn2-Hi_6o_pWuwX2jDdSdJku5tAc119no5nd8WnRoVQXgxuwQMXdAljpcwp9ue4UffazjWWYFkAdJxGArASaZLT4TKEU-lfr9Y3gyfIl-aBlS1iH4PJdAvs_WSDwyyH33i_1QN_LLR-gkszx_FitFMkGI02ZjFFOh_W5P5gy8PBOunpopE8gyjCUyxi1PbxO4yfJF7RyDpIDVWqThrgeaUc0mhQmvwDNe2jM3AiFNkskDKIPmLaekcNfJumeuPDuMFvxO-ZvjwNmfNGH9gV8KKdcyew-HDFDHpl59JQlwusD-ZOxm4XzFqT0hAgib5ObVu9RzeUK3vkddSFhb1ckX1PXP6nGdldGQmTGUOF1hrAYW2-x85JjTNFfVc7PPk_QBUN7tHXyPgGRKOUqaBnQsFG3Zvdc0OORZJsltqtriAsZAZ1DiGd9QbC3G8yBlMt5vpWj2VbSjcqsMGmg7CMeCtsJAXbBLDTS6IeeKkRsCXwZ_r2ywtv8IkKu05Qirxiz0Cl8EGmnR6v1-5YzLbFBk0M1_KkdxJiGiapx9fWmiidA0SVP6EM50alKClA6cEOFGJBf8Q9tTrH5RE55KtzF_6Htjx7ssyiQfJkbe7SnkZW5xeTLFalNz9yeFWRmGeZDW05cEpO6UwkSV7vRlqIWw9PuzZmNhy-wmpnQpoITht4tR0AGXGkPA6BJhkm_iGTPoLz-71CeOmaSc26NYfjoAnrsaZk92Qy-vumiUVZQ5nJzX_dcJ9-wOom4hbita6S4UWobAHaBmBOohGvkMMgqT-b5UFNu5mG58psR7KihEeSHnzPFtHc7dz_PbcTTr87NczJ1L-DqwzfopQuYA6Yf0200jOvd9LSYSE5obdf9oViRvzg-BogQVS9Hy30JWoPFEF8wpLENrkvkjJybxWTEZ9hzB59QIJeNthuj8pOjtuebRCq9UpcC8jFc3S097eAK3comuGgO2FprlVz9chAYzpP-TXA36xYFHjilDLBoG2nl9HqWTi0uC1lqJ2lkqKofsGf2HoA3bV47rWCSbn-glF1FXdoanCmvCpyXvymrnRp1d4eS8-mn5jIyhj4W5lQ3NKkYVJiM3Pr1p6mGDX6ddv8fJX41hsJGYu6S1vnGdUaGK8-PE58kyZWrzK4PVgjMNKCWKSrGw-wiwirapJD4OhSM8_CS3C_N2JfPz0Acb4djyjHPeJa2VBDvzrEM8EgxXTMgrwuwgJU1ab4Bvl6UYE-eCzXV8idSJ4E_OwUoKFuvawrPVe6mmFlBPNMQrqwVsFqhuZMNJ5NTWTlqYenpaCXA; path=/; domain=byu-eps-bt.excelindia.com; sameSite=Lax}]
Capabilities {acceptInsecureCerts: false, browserName: chrome, browserVersion: 124.0.6367.119, chrome: {chromedriverVersion: 124.0.6367.91 (51df0e5e17a8..., userDataDir: C:\Users\EXCELS~1\AppData\L...}, fedcm:accounts: true, goog:chromeOptions: {debuggerAddress: localhost:50162}, networkConnectionEnabled: false, pageLoadStrategy: normal, platformName: windows, proxy: Proxy(), se:cdp: ws://localhost:50162/devtoo..., se:cdpVersion: 124.0.6367.119, setWindowRect: true, strictFileInteractability: false, timeouts: {implicit: 0, pageLoad: 300000, script: 30000}, unhandledPromptBehavior: dismiss and notify, webauthn:extension:credBlob: true, webauthn:extension:largeBlob: true, webauthn:extension:minPinLength: true, webauthn:extension:prf: true, webauthn:virtualAuthenticators: true}
Session ID: 5874c77190a3d391698a904611b1ae8b
at org.openqa.selenium.remote.ErrorCodec.decode(ErrorCodec.java:167)
at org.openqa.selenium.remote.codec.w3c.W3CHttpResponseCodec.decode(W3CHttpResponseCodec.java:138)
at org.openqa.selenium.remote.codec.w3c.W3CHttpResponseCodec.decode(W3CHttpResponseCodec.java:50)
at org.openqa.selenium.remote.HttpCommandExecutor.execute(HttpCommandExecutor.java:190)
at org.openqa.selenium.remote.service.DriverCommandExecutor.invokeExecute(DriverCommandExecutor.java:216)
at org.openqa.selenium.remote.service.DriverCommandExecutor.execute(DriverCommandExecutor.java:174)
at org.openqa.selenium.remote.RemoteWebDriver.execute(RemoteWebDriver.java:518)
at org.openqa.selenium.remote.RemoteWebDriver$RemoteWebDriverOptions.addCookie(RemoteWebDriver.java:840)
at com.codesetup.CommonUtils.loadCookiesFromFile(CommonUtils.java:226)
at com.studentside.CombinedTestTextFile.TestSetup(CombinedTestTextFile.java:29)
... Removed 25 stack frames]]>
    </failure>
  </testcase> <!-- @BeforeTest TestSetup -->
  <testcase classname="com.studentside.CombinedTestTextFile" name="openDeclaredPlan" time="0.0">
    <skipped/>
  </testcase> <!-- openDeclaredPlan -->
  <testcase classname="com.studentside.CombinedTestTextFile" name="ClassScheduleUrlManipulcation" time="0.0">
    <ignored/>
  </testcase> <!-- ClassScheduleUrlManipulcation -->
</testsuite> <!-- BasicGradPlannerTest -->
