<?xml version="1.0" encoding="UTF-8"?>
<!-- Generated by org.testng.reporters.JUnitXMLReporter -->
<testsuite ignored="1" hostname="XDA" failures="0" tests="1" name="DegreeReqReport report" time="10.296" errors="0" timestamp="2024-05-21T20:11:08 IST">
  <testcase classname="com.reportpages.DegreeReqReport" name="DegreeReqReport1" time="10.283"/>
  <testcase classname="com.reportpages.DegreeReqReport" name="Additionals" time="0.0">
    <ignored/>
  </testcase> <!-- Additionals -->
</testsuite> <!-- DegreeReqReport report -->
