<?xml version="1.0" encoding="UTF-8"?>
<!-- Generated by org.testng.reporters.JUnitXMLReporter -->
<testsuite ignored="1" hostname="XDA" failures="0" tests="1" name="RecPlansReport report" time="10.1" errors="0" timestamp="2024-05-21T20:11:18 IST">
  <testcase classname="com.reportpages.RecPlansReport" name="RecPlanReport1" time="10.091"/>
  <testcase classname="com.reportpages.RecPlansReport" name="Additional" time="0.0">
    <ignored/>
  </testcase> <!-- Additional -->
</testsuite> <!-- RecPlansReport report -->
