<?xml version="1.0" encoding="UTF-8"?>
<!-- Generated by org.testng.reporters.JUnitXMLReporter -->
<testsuite ignored="1" hostname="XDA" failures="0" tests="1" name="StudentGradPlanReport report" time="10.174" errors="0" timestamp="2024-05-21T20:11:39 IST">
  <testcase classname="com.reportpages.StudentGradPlanReport" name="StudentGradPlanReport1" time="10.168"/>
  <testcase classname="com.reportpages.StudentGradPlanReport" name="Additional" time="0.0">
    <ignored/>
  </testcase> <!-- Additional -->
</testsuite> <!-- StudentGradPlanReport report -->
