<?xml version="1.0" encoding="UTF-8"?>
<testng-results ignored="0" total="2" passed="2" failed="0" skipped="0">
  <reporter-output>
  </reporter-output>
  <suite started-at="2025-06-10T09:47:27 IST" name="Default suite" finished-at="2025-06-10T09:47:35 IST" duration-ms="7369">
    <groups>
    </groups>
    <test started-at="2025-06-10T09:47:27 IST" name="Default test" finished-at="2025-06-10T09:47:35 IST" duration-ms="7369">
      <class name="BasicApiTest">
        <test-method is-config="true" signature="setup()[pri:0, instance:BasicApiTest@1fa268de]" started-at="2025-06-10T09:47:27 IST" name="setup" finished-at="2025-06-10T09:47:29 IST" duration-ms="1162" status="PASS">
          <reporter-output>
          </reporter-output>
        </test-method> <!-- setup -->
        <test-method signature="T01_StatusCodeAndGetClientsTest()[pri:0, instance:BasicApiTest@1fa268de]" started-at="2025-06-10T09:47:29 IST" name="T01_StatusCodeAndGetClientsTest" finished-at="2025-06-10T09:47:32 IST" duration-ms="3621" status="PASS">
          <reporter-output>
          </reporter-output>
        </test-method> <!-- T01_StatusCodeAndGetClientsTest -->
        <test-method signature="T02_GetAndroidModelPackageOptions()[pri:0, instance:BasicApiTest@1fa268de]" started-at="2025-06-10T09:47:32 IST" name="T02_GetAndroidModelPackageOptions" finished-at="2025-06-10T09:47:35 IST" duration-ms="2537" status="PASS">
          <reporter-output>
          </reporter-output>
        </test-method> <!-- T02_GetAndroidModelPackageOptions -->
        <test-method is-config="true" signature="afterTest()[pri:0, instance:BasicApiTest@1fa268de]" started-at="2025-06-10T09:47:35 IST" name="afterTest" finished-at="2025-06-10T09:47:35 IST" duration-ms="1" status="PASS">
          <reporter-output>
          </reporter-output>
        </test-method> <!-- afterTest -->
      </class> <!-- BasicApiTest -->
    </test> <!-- Default test -->
  </suite> <!-- Default suite -->
</testng-results>
